{"synthetic": false,
 "schemaVersion": "2025-09-10",
 "outputs":
 {"o": ["59b0e411d3eaba29.olean"],
  "i": "8451e89a235dd986.ilean",
  "c": "745cea310c5f6fa6.c"},
 "log":
 [{"message":
   ".> LEAN_PATH=/home/mlinegar/FormalProbability/.lake/packages/Cli/.lake/build/lib/lean:/home/mlinegar/FormalProbability/.lake/packages/batteries/.lake/build/lib/lean:/home/mlinegar/FormalProbability/.lake/packages/Qq/.lake/build/lib/lean:/home/mlinegar/FormalProbability/.lake/packages/aesop/.lake/build/lib/lean:/home/mlinegar/FormalProbability/.lake/packages/proofwidgets/.lake/build/lib/lean:/home/mlinegar/FormalProbability/.lake/packages/importGraph/.lake/build/lib/lean:/home/mlinegar/FormalProbability/.lake/packages/LeanSearchClient/.lake/build/lib/lean:/home/mlinegar/FormalProbability/.lake/packages/plausible/.lake/build/lib/lean:/home/mlinegar/FormalProbability/.lake/packages/mathlib/.lake/build/lib/lean:/home/mlinegar/FormalProbability/.lake/build/lib/lean /home/mlinegar/.elan/toolchains/leanprover--lean4---v4.27.0-rc1/bin/lean /home/mlinegar/FormalProbability/FormalProbability/Shared/Config.lean -o /home/mlinegar/FormalProbability/.lake/build/lib/lean/FormalProbability/Shared/Config.olean -i /home/mlinegar/FormalProbability/.lake/build/lib/lean/FormalProbability/Shared/Config.ilean -c /home/mlinegar/FormalProbability/.lake/build/ir/FormalProbability/Shared/Config.c --setup /home/mlinegar/FormalProbability/.lake/build/ir/FormalProbability/Shared/Config.setup.json --json",
   "level": "trace"}],
 "inputs":
 [["FormalProbability.Shared.Config:deps",
   [["deps",
     [["FormalProbability/FormalProbability:extraDep",
       [["@FormalProbability:extraDep", "00000000000006bb"]]],
      ["imports",
       [["Mathlib.Tactic.Linter transitive imports (legacy)",
         "b50d4ff7a273516d"],
        ["Mathlib.Tactic.Linter:importAllArts", "2d353b36d18668aa"]]]]],
    ["libs",
     [["import dynlibs", "00000000000006bb"],
      ["package external libraries", "00000000000006bb"],
      ["module dynlibs", "00000000000006bb"],
      ["module plugins", "00000000000006bb"]]]]],
  ["Lean 4.27.0, commit 2fcce7258eeb6e324366bc25f9058293b04b7547",
   "6f43b597efea5d4c"],
  ["/home/mlinegar/FormalProbability/FormalProbability/Shared/Config.lean",
   "2e0e74b7437260bb"],
  ["options",
   [["-DmaxSynthPendingDepth=3", "c78e353d34de85d4"],
    ["-Dweak.linter.mathlibStandardSet=false", "28605bbdbbe35f32"],
    ["-DrelaxedAutoImplicit=false", "74a2b5546b55be80"],
    ["-Dpp.unicode.fun=true", "9b94070140457fab"],
    ["-Dlinter.unusedSimpArgs=false", "0050f52494a7eec8"],
    ["-Dlinter.unusedSectionVars=false", "7c0c832d776b0075"],
    ["-Dlinter.unusedVariables=false", "5c7a7ccc03da291b"]]],
  ["Module.leanArgs: #[]", "00000000000006bb"]],
 "depHash": "8b2ca0eef7308a7e"}